<?xml version="1.0" encoding="UTF-8"?>
<testsuite xmlns:xsi="http://www.w3.org/2001/XMLSchema-instance" xsi:noNamespaceSchemaLocation="https://maven.apache.org/surefire/maven-surefire-plugin/xsd/surefire-test-report.xsd" name="TestCreateAndUpdateUserApi" time="6.476" tests="3" errors="0" skipped="0" failures="0">
  <properties>
[...]
</properties>
  <testcase name="testCreateUserWithArray" classname="TestCreateAndUpdateUserApi" time="3.312"/>
  <testcase name="testUpdateUserApi" classname="TestCreateAndUpdateUserApi" time="1.578"/>
  <testcase name="testCreateUserWithArrayHavingMultipleElements" classname="TestCreateAndUpdateUserApi" time="1.517"/>
</testsuite>