<?xml version="1.0" encoding="UTF-8"?>
<testsuite xmlns:xsi="http://www.w3.org/2001/XMLSchema-instance" xsi:noNamespaceSchemaLocation="https://maven.apache.org/surefire/maven-surefire-plugin/xsd/surefire-test-report.xsd" name="TestCreateUpdateAndFindPet" time="1.322" tests="3" errors="1" skipped="0" failures="2">
  <properties>
[...]
</properties>
  <testcase name="testUpdatePet" classname="TestCreateUpdateAndFindPet" time="0.312">
    <failure message="Pet is not updated " type="java.lang.AssertionError">java.lang.AssertionError: Pet is not updated 
	at TestCreateUpdateAndFindPet.testUpdatePet(TestCreateUpdateAndFindPet.java:89)
</failure>
  </testcase>
  <testcase name="testCreatePet" classname="TestCreateUpdateAndFindPet" time="0.348">
    <failure message="Pet is not created " type="java.lang.AssertionError">java.lang.AssertionError: Pet is not created 
	at TestCreateUpdateAndFindPet.testCreatePet(TestCreateUpdateAndFindPet.java:59)
</failure>
  </testcase>
  <testcase name="testFindPetByStatus" classname="TestCreateUpdateAndFindPet" time="0.357">
    <error message="Cannot invoke &quot;org.mindtickle.petstore.api.pojo.pet.PetsList.getPetList()&quot; because &quot;listOfPets&quot; is null" type="java.lang.NullPointerException">java.lang.NullPointerException: Cannot invoke "org.mindtickle.petstore.api.pojo.pet.PetsList.getPetList()" because "listOfPets" is null
	at TestCreateUpdateAndFindPet.testFindPetByStatus(TestCreateUpdateAndFindPet.java:100)
</error>
    <system-err><![CDATA[com.fasterxml.jackson.databind.exc.MismatchedInputException: Cannot deserialize instance of `org.mindtickle.petstore.api.pojo.pet.PetsList` out of START_ARRAY token
 at [Source: (String)"[{"id":12,"category":{"id":0,"name":"dogs"},"photoUrls":["string"],"tags":[{"id":0,"name":"string"}],"status":"sold"},{"id":9,"category":{"id":0,"name":"cats"},"photoUrls":["string"],"tags":[{"id":0,"name":"string"}],"status":"sold"},{"id":3096227,"category":{"id":39478863,"name":"et exercitation consectetur enim"},"name":"doggie","photoUrls":["ut","sed dolore laborum"],"tags":[{"id":-38030612,"name":"in dolore"},{"id":5552138,"name":"sunt"}],"status":"sold"},{"id":17,"name":"Special_char_owner_"[truncated 554 chars]; line: 1, column: 1]
	at com.fasterxml.jackson.databind.exc.MismatchedInputException.from(MismatchedInputException.java:63)
	at com.fasterxml.jackson.databind.DeserializationContext.reportInputMismatch(DeserializationContext.java:1342)
	at com.fasterxml.jackson.databind.DeserializationContext.handleUnexpectedToken(DeserializationContext.java:1138)
	at com.fasterxml.jackson.databind.DeserializationContext.handleUnexpectedToken(DeserializationContext.java:1092)
	at com.fasterxml.jackson.databind.deser.BeanDeserializerBase.deserializeFromArray(BeanDeserializerBase.java:1454)
	at com.fasterxml.jackson.databind.deser.BeanDeserializer._deserializeOther(BeanDeserializer.java:185)
	at com.fasterxml.jackson.databind.deser.BeanDeserializer.deserialize(BeanDeserializer.java:161)
	at com.fasterxml.jackson.databind.ObjectMapper._readMapAndClose(ObjectMapper.java:4001)
	at com.fasterxml.jackson.databind.ObjectMapper.readValue(ObjectMapper.java:2992)
	at org.mindtickle.petstore.utils.json.JsonSerializationAndDeserialization.deserializeJson(JsonSerializationAndDeserialization.java:20)
	at org.mindtickle.petstore.utils.json.JsonSerializationAndDeserialization.getApiJsonResponseBeen(JsonSerializationAndDeserialization.java:47)
	at org.mindtickle.petstore.api.pet.FindPetApi.validatePetFound(FindPetApi.java:39)
	at TestCreateUpdateAndFindPet.testFindPetByStatus(TestCreateUpdateAndFindPet.java:100)
	at java.base/jdk.internal.reflect.DirectMethodHandleAccessor.invoke(DirectMethodHandleAccessor.java:104)
	at java.base/java.lang.reflect.Method.invoke(Method.java:578)
	at org.junit.runners.model.FrameworkMethod$1.runReflectiveCall(FrameworkMethod.java:59)
	at org.junit.internal.runners.model.ReflectiveCallable.run(ReflectiveCallable.java:12)
	at org.junit.runners.model.FrameworkMethod.invokeExplosively(FrameworkMethod.java:56)
	at org.junit.internal.runners.statements.InvokeMethod.evaluate(InvokeMethod.java:17)
	at org.junit.runners.ParentRunner$3.evaluate(ParentRunner.java:306)
	at org.junit.runners.BlockJUnit4ClassRunner$1.evaluate(BlockJUnit4ClassRunner.java:100)
	at org.junit.runners.ParentRunner.runLeaf(ParentRunner.java:366)
	at org.junit.runners.BlockJUnit4ClassRunner.runChild(BlockJUnit4ClassRunner.java:103)
	at org.junit.runners.BlockJUnit4ClassRunner.runChild(BlockJUnit4ClassRunner.java:63)
	at org.junit.runners.ParentRunner$4.run(ParentRunner.java:331)
	at org.junit.runners.ParentRunner$1.schedule(ParentRunner.java:79)
	at org.junit.runners.ParentRunner.runChildren(ParentRunner.java:329)
	at org.junit.runners.ParentRunner.access$100(ParentRunner.java:66)
	at org.junit.runners.ParentRunner$2.evaluate(ParentRunner.java:293)
	at org.junit.internal.runners.statements.RunBefores.evaluate(RunBefores.java:26)
	at org.junit.internal.runners.statements.RunAfters.evaluate(RunAfters.java:27)
	at org.junit.runners.ParentRunner$3.evaluate(ParentRunner.java:306)
	at org.junit.runners.ParentRunner.run(ParentRunner.java:413)
	at org.apache.maven.surefire.junit4.JUnit4Provider.execute(JUnit4Provider.java:365)
	at org.apache.maven.surefire.junit4.JUnit4Provider.executeWithRerun(JUnit4Provider.java:273)
	at org.apache.maven.surefire.junit4.JUnit4Provider.executeTestSet(JUnit4Provider.java:238)
	at org.apache.maven.surefire.junit4.JUnit4Provider.invoke(JUnit4Provider.java:159)
	at org.apache.maven.surefire.booter.ForkedBooter.invokeProviderInSameClassLoader(ForkedBooter.java:384)
	at org.apache.maven.surefire.booter.ForkedBooter.runSuitesInProcess(ForkedBooter.java:345)
	at org.apache.maven.surefire.booter.ForkedBooter.execute(ForkedBooter.java:126)
	at org.apache.maven.surefire.booter.ForkedBooter.main(ForkedBooter.java:418)
]]></system-err>
  </testcase>
</testsuite>